c:\embd-magnetic-sensor-calib\visual-studio\magnetic-sensor-calib\visualgdb\debug\commandlinearguments.o
c:\embd-magnetic-sensor-calib\visual-studio\magnetic-sensor-calib\visualgdb\debug\commandlinetestrunner.o
c:\embd-magnetic-sensor-calib\visual-studio\magnetic-sensor-calib\visualgdb\debug\fastsemihosting.o
c:\embd-magnetic-sensor-calib\visual-studio\magnetic-sensor-calib\visualgdb\debug\instrumentingprofiler.o
c:\embd-magnetic-sensor-calib\visual-studio\magnetic-sensor-calib\visualgdb\debug\junittestoutput.o
c:\embd-magnetic-sensor-calib\visual-studio\magnetic-sensor-calib\visualgdb\debug\magdata.o
c:\embd-magnetic-sensor-calib\visual-studio\magnetic-sensor-calib\visualgdb\debug\main.o
c:\embd-magnetic-sensor-calib\visual-studio\magnetic-sensor-calib\visualgdb\debug\matrix.o
c:\embd-magnetic-sensor-calib\visual-studio\magnetic-sensor-calib\visualgdb\debug\memoryleakdetector.o
c:\embd-magnetic-sensor-calib\visual-studio\magnetic-sensor-calib\visualgdb\debug\memoryleakwarningplugin.o
c:\embd-magnetic-sensor-calib\visual-studio\magnetic-sensor-calib\visualgdb\debug\mve.o
c:\embd-magnetic-sensor-calib\visual-studio\magnetic-sensor-calib\visualgdb\debug\profilerdriver_stm32_hal.o
c:\embd-magnetic-sensor-calib\visual-studio\magnetic-sensor-calib\visualgdb\debug\profilerrtos_freertos.o
c:\embd-magnetic-sensor-calib\visual-studio\magnetic-sensor-calib\visualgdb\debug\samplingprofiler.o
c:\embd-magnetic-sensor-calib\visual-studio\magnetic-sensor-calib\visualgdb\debug\simplemutex.o
c:\embd-magnetic-sensor-calib\visual-studio\magnetic-sensor-calib\visualgdb\debug\simplestring.o
c:\embd-magnetic-sensor-calib\visual-studio\magnetic-sensor-calib\visualgdb\debug\startup_stm32f407xx.o
c:\embd-magnetic-sensor-calib\visual-studio\magnetic-sensor-calib\visualgdb\debug\stm32f4xx_hal.o
c:\embd-magnetic-sensor-calib\visual-studio\magnetic-sensor-calib\visualgdb\debug\stm32f4xx_hal_adc.o
c:\embd-magnetic-sensor-calib\visual-studio\magnetic-sensor-calib\visualgdb\debug\stm32f4xx_hal_adc_ex.o
c:\embd-magnetic-sensor-calib\visual-studio\magnetic-sensor-calib\visualgdb\debug\stm32f4xx_hal_can.o
c:\embd-magnetic-sensor-calib\visual-studio\magnetic-sensor-calib\visualgdb\debug\stm32f4xx_hal_cec.o
c:\embd-magnetic-sensor-calib\visual-studio\magnetic-sensor-calib\visualgdb\debug\stm32f4xx_hal_cortex.o
c:\embd-magnetic-sensor-calib\visual-studio\magnetic-sensor-calib\visualgdb\debug\stm32f4xx_hal_crc.o
c:\embd-magnetic-sensor-calib\visual-studio\magnetic-sensor-calib\visualgdb\debug\stm32f4xx_hal_cryp.o
c:\embd-magnetic-sensor-calib\visual-studio\magnetic-sensor-calib\visualgdb\debug\stm32f4xx_hal_cryp_ex.o
c:\embd-magnetic-sensor-calib\visual-studio\magnetic-sensor-calib\visualgdb\debug\stm32f4xx_hal_dac.o
c:\embd-magnetic-sensor-calib\visual-studio\magnetic-sensor-calib\visualgdb\debug\stm32f4xx_hal_dac_ex.o
c:\embd-magnetic-sensor-calib\visual-studio\magnetic-sensor-calib\visualgdb\debug\stm32f4xx_hal_dcmi.o
c:\embd-magnetic-sensor-calib\visual-studio\magnetic-sensor-calib\visualgdb\debug\stm32f4xx_hal_dcmi_ex.o
c:\embd-magnetic-sensor-calib\visual-studio\magnetic-sensor-calib\visualgdb\debug\stm32f4xx_hal_dfsdm.o
c:\embd-magnetic-sensor-calib\visual-studio\magnetic-sensor-calib\visualgdb\debug\stm32f4xx_hal_dma.o
c:\embd-magnetic-sensor-calib\visual-studio\magnetic-sensor-calib\visualgdb\debug\stm32f4xx_hal_dma2d.o
c:\embd-magnetic-sensor-calib\visual-studio\magnetic-sensor-calib\visualgdb\debug\stm32f4xx_hal_dma_ex.o
c:\embd-magnetic-sensor-calib\visual-studio\magnetic-sensor-calib\visualgdb\debug\stm32f4xx_hal_dsi.o
c:\embd-magnetic-sensor-calib\visual-studio\magnetic-sensor-calib\visualgdb\debug\stm32f4xx_hal_eth.o
c:\embd-magnetic-sensor-calib\visual-studio\magnetic-sensor-calib\visualgdb\debug\stm32f4xx_hal_flash.o
c:\embd-magnetic-sensor-calib\visual-studio\magnetic-sensor-calib\visualgdb\debug\stm32f4xx_hal_flash_ex.o
c:\embd-magnetic-sensor-calib\visual-studio\magnetic-sensor-calib\visualgdb\debug\stm32f4xx_hal_flash_ramfunc.o
c:\embd-magnetic-sensor-calib\visual-studio\magnetic-sensor-calib\visualgdb\debug\stm32f4xx_hal_fmpi2c.o
c:\embd-magnetic-sensor-calib\visual-studio\magnetic-sensor-calib\visualgdb\debug\stm32f4xx_hal_fmpi2c_ex.o
c:\embd-magnetic-sensor-calib\visual-studio\magnetic-sensor-calib\visualgdb\debug\stm32f4xx_hal_gpio.o
c:\embd-magnetic-sensor-calib\visual-studio\magnetic-sensor-calib\visualgdb\debug\stm32f4xx_hal_hash.o
c:\embd-magnetic-sensor-calib\visual-studio\magnetic-sensor-calib\visualgdb\debug\stm32f4xx_hal_hash_ex.o
c:\embd-magnetic-sensor-calib\visual-studio\magnetic-sensor-calib\visualgdb\debug\stm32f4xx_hal_hcd.o
c:\embd-magnetic-sensor-calib\visual-studio\magnetic-sensor-calib\visualgdb\debug\stm32f4xx_hal_i2c.o
c:\embd-magnetic-sensor-calib\visual-studio\magnetic-sensor-calib\visualgdb\debug\stm32f4xx_hal_i2c_ex.o
c:\embd-magnetic-sensor-calib\visual-studio\magnetic-sensor-calib\visualgdb\debug\stm32f4xx_hal_i2s.o
c:\embd-magnetic-sensor-calib\visual-studio\magnetic-sensor-calib\visualgdb\debug\stm32f4xx_hal_i2s_ex.o
c:\embd-magnetic-sensor-calib\visual-studio\magnetic-sensor-calib\visualgdb\debug\stm32f4xx_hal_irda.o
c:\embd-magnetic-sensor-calib\visual-studio\magnetic-sensor-calib\visualgdb\debug\stm32f4xx_hal_iwdg.o
c:\embd-magnetic-sensor-calib\visual-studio\magnetic-sensor-calib\visualgdb\debug\stm32f4xx_hal_lptim.o
c:\embd-magnetic-sensor-calib\visual-studio\magnetic-sensor-calib\visualgdb\debug\stm32f4xx_hal_ltdc.o
c:\embd-magnetic-sensor-calib\visual-studio\magnetic-sensor-calib\visualgdb\debug\stm32f4xx_hal_ltdc_ex.o
c:\embd-magnetic-sensor-calib\visual-studio\magnetic-sensor-calib\visualgdb\debug\stm32f4xx_hal_mmc.o
c:\embd-magnetic-sensor-calib\visual-studio\magnetic-sensor-calib\visualgdb\debug\stm32f4xx_hal_nand.o
c:\embd-magnetic-sensor-calib\visual-studio\magnetic-sensor-calib\visualgdb\debug\stm32f4xx_hal_nor.o
c:\embd-magnetic-sensor-calib\visual-studio\magnetic-sensor-calib\visualgdb\debug\stm32f4xx_hal_pccard.o
c:\embd-magnetic-sensor-calib\visual-studio\magnetic-sensor-calib\visualgdb\debug\stm32f4xx_hal_pcd.o
c:\embd-magnetic-sensor-calib\visual-studio\magnetic-sensor-calib\visualgdb\debug\stm32f4xx_hal_pcd_ex.o
c:\embd-magnetic-sensor-calib\visual-studio\magnetic-sensor-calib\visualgdb\debug\stm32f4xx_hal_pwr.o
c:\embd-magnetic-sensor-calib\visual-studio\magnetic-sensor-calib\visualgdb\debug\stm32f4xx_hal_pwr_ex.o
c:\embd-magnetic-sensor-calib\visual-studio\magnetic-sensor-calib\visualgdb\debug\stm32f4xx_hal_qspi.o
c:\embd-magnetic-sensor-calib\visual-studio\magnetic-sensor-calib\visualgdb\debug\stm32f4xx_hal_rcc.o
c:\embd-magnetic-sensor-calib\visual-studio\magnetic-sensor-calib\visualgdb\debug\stm32f4xx_hal_rcc_ex.o
c:\embd-magnetic-sensor-calib\visual-studio\magnetic-sensor-calib\visualgdb\debug\stm32f4xx_hal_rng.o
c:\embd-magnetic-sensor-calib\visual-studio\magnetic-sensor-calib\visualgdb\debug\stm32f4xx_hal_rtc.o
c:\embd-magnetic-sensor-calib\visual-studio\magnetic-sensor-calib\visualgdb\debug\stm32f4xx_hal_rtc_ex.o
c:\embd-magnetic-sensor-calib\visual-studio\magnetic-sensor-calib\visualgdb\debug\stm32f4xx_hal_sai.o
c:\embd-magnetic-sensor-calib\visual-studio\magnetic-sensor-calib\visualgdb\debug\stm32f4xx_hal_sai_ex.o
c:\embd-magnetic-sensor-calib\visual-studio\magnetic-sensor-calib\visualgdb\debug\stm32f4xx_hal_sd.o
c:\embd-magnetic-sensor-calib\visual-studio\magnetic-sensor-calib\visualgdb\debug\stm32f4xx_hal_sdram.o
c:\embd-magnetic-sensor-calib\visual-studio\magnetic-sensor-calib\visualgdb\debug\stm32f4xx_hal_smartcard.o
c:\embd-magnetic-sensor-calib\visual-studio\magnetic-sensor-calib\visualgdb\debug\stm32f4xx_hal_spdifrx.o
c:\embd-magnetic-sensor-calib\visual-studio\magnetic-sensor-calib\visualgdb\debug\stm32f4xx_hal_spi.o
c:\embd-magnetic-sensor-calib\visual-studio\magnetic-sensor-calib\visualgdb\debug\stm32f4xx_hal_sram.o
c:\embd-magnetic-sensor-calib\visual-studio\magnetic-sensor-calib\visualgdb\debug\stm32f4xx_hal_tim.o
c:\embd-magnetic-sensor-calib\visual-studio\magnetic-sensor-calib\visualgdb\debug\stm32f4xx_hal_tim_ex.o
c:\embd-magnetic-sensor-calib\visual-studio\magnetic-sensor-calib\visualgdb\debug\stm32f4xx_hal_uart.o
c:\embd-magnetic-sensor-calib\visual-studio\magnetic-sensor-calib\visualgdb\debug\stm32f4xx_hal_usart.o
c:\embd-magnetic-sensor-calib\visual-studio\magnetic-sensor-calib\visualgdb\debug\stm32f4xx_hal_wwdg.o
c:\embd-magnetic-sensor-calib\visual-studio\magnetic-sensor-calib\visualgdb\debug\stm32f4xx_ll_adc.o
c:\embd-magnetic-sensor-calib\visual-studio\magnetic-sensor-calib\visualgdb\debug\stm32f4xx_ll_crc.o
c:\embd-magnetic-sensor-calib\visual-studio\magnetic-sensor-calib\visualgdb\debug\stm32f4xx_ll_dac.o
c:\embd-magnetic-sensor-calib\visual-studio\magnetic-sensor-calib\visualgdb\debug\stm32f4xx_ll_dma.o
c:\embd-magnetic-sensor-calib\visual-studio\magnetic-sensor-calib\visualgdb\debug\stm32f4xx_ll_dma2d.o
c:\embd-magnetic-sensor-calib\visual-studio\magnetic-sensor-calib\visualgdb\debug\stm32f4xx_ll_exti.o
c:\embd-magnetic-sensor-calib\visual-studio\magnetic-sensor-calib\visualgdb\debug\stm32f4xx_ll_fmc.o
c:\embd-magnetic-sensor-calib\visual-studio\magnetic-sensor-calib\visualgdb\debug\stm32f4xx_ll_fsmc.o
c:\embd-magnetic-sensor-calib\visual-studio\magnetic-sensor-calib\visualgdb\debug\stm32f4xx_ll_gpio.o
c:\embd-magnetic-sensor-calib\visual-studio\magnetic-sensor-calib\visualgdb\debug\stm32f4xx_ll_i2c.o
c:\embd-magnetic-sensor-calib\visual-studio\magnetic-sensor-calib\visualgdb\debug\stm32f4xx_ll_lptim.o
c:\embd-magnetic-sensor-calib\visual-studio\magnetic-sensor-calib\visualgdb\debug\stm32f4xx_ll_pwr.o
c:\embd-magnetic-sensor-calib\visual-studio\magnetic-sensor-calib\visualgdb\debug\stm32f4xx_ll_rcc.o
c:\embd-magnetic-sensor-calib\visual-studio\magnetic-sensor-calib\visualgdb\debug\stm32f4xx_ll_rng.o
c:\embd-magnetic-sensor-calib\visual-studio\magnetic-sensor-calib\visualgdb\debug\stm32f4xx_ll_rtc.o
c:\embd-magnetic-sensor-calib\visual-studio\magnetic-sensor-calib\visualgdb\debug\stm32f4xx_ll_sdmmc.o
c:\embd-magnetic-sensor-calib\visual-studio\magnetic-sensor-calib\visualgdb\debug\stm32f4xx_ll_spi.o
c:\embd-magnetic-sensor-calib\visual-studio\magnetic-sensor-calib\visualgdb\debug\stm32f4xx_ll_tim.o
c:\embd-magnetic-sensor-calib\visual-studio\magnetic-sensor-calib\visualgdb\debug\stm32f4xx_ll_usart.o
c:\embd-magnetic-sensor-calib\visual-studio\magnetic-sensor-calib\visualgdb\debug\stm32f4xx_ll_usb.o
c:\embd-magnetic-sensor-calib\visual-studio\magnetic-sensor-calib\visualgdb\debug\stm32f4xx_ll_utils.o
c:\embd-magnetic-sensor-calib\visual-studio\magnetic-sensor-calib\visualgdb\debug\sysprogstesthooks.o
c:\embd-magnetic-sensor-calib\visual-studio\magnetic-sensor-calib\visualgdb\debug\system_stm32f4xx.o
c:\embd-magnetic-sensor-calib\visual-studio\magnetic-sensor-calib\visualgdb\debug\teamcitytestoutput.o
c:\embd-magnetic-sensor-calib\visual-studio\magnetic-sensor-calib\visualgdb\debug\test.o
c:\embd-magnetic-sensor-calib\visual-studio\magnetic-sensor-calib\visualgdb\debug\testfailure.o
c:\embd-magnetic-sensor-calib\visual-studio\magnetic-sensor-calib\visualgdb\debug\testfilter.o
c:\embd-magnetic-sensor-calib\visual-studio\magnetic-sensor-calib\visualgdb\debug\testharness_c.o
c:\embd-magnetic-sensor-calib\visual-studio\magnetic-sensor-calib\visualgdb\debug\testmemoryallocator.o
c:\embd-magnetic-sensor-calib\visual-studio\magnetic-sensor-calib\visualgdb\debug\testoutput.o
c:\embd-magnetic-sensor-calib\visual-studio\magnetic-sensor-calib\visualgdb\debug\testplugin.o
c:\embd-magnetic-sensor-calib\visual-studio\magnetic-sensor-calib\visualgdb\debug\testregistry.o
c:\embd-magnetic-sensor-calib\visual-studio\magnetic-sensor-calib\visualgdb\debug\testresult.o
c:\embd-magnetic-sensor-calib\visual-studio\magnetic-sensor-calib\visualgdb\debug\testtestingfixture.o
c:\embd-magnetic-sensor-calib\visual-studio\magnetic-sensor-calib\visualgdb\debug\twostep.o
c:\embd-magnetic-sensor-calib\visual-studio\magnetic-sensor-calib\visualgdb\debug\utest.o
c:\embd-magnetic-sensor-calib\visual-studio\magnetic-sensor-calib\visualgdb\debug\utestplatformembedded.o
c:\embd-magnetic-sensor-calib\visual-studio\magnetic-sensor-calib\visualgdb\debug\commandlinearguments.dep
c:\embd-magnetic-sensor-calib\visual-studio\magnetic-sensor-calib\visualgdb\debug\commandlinetestrunner.dep
c:\embd-magnetic-sensor-calib\visual-studio\magnetic-sensor-calib\visualgdb\debug\fastsemihosting.dep
c:\embd-magnetic-sensor-calib\visual-studio\magnetic-sensor-calib\visualgdb\debug\instrumentingprofiler.dep
c:\embd-magnetic-sensor-calib\visual-studio\magnetic-sensor-calib\visualgdb\debug\junittestoutput.dep
c:\embd-magnetic-sensor-calib\visual-studio\magnetic-sensor-calib\visualgdb\debug\magdata.dep
c:\embd-magnetic-sensor-calib\visual-studio\magnetic-sensor-calib\visualgdb\debug\main.dep
c:\embd-magnetic-sensor-calib\visual-studio\magnetic-sensor-calib\visualgdb\debug\matrix.dep
c:\embd-magnetic-sensor-calib\visual-studio\magnetic-sensor-calib\visualgdb\debug\memoryleakdetector.dep
c:\embd-magnetic-sensor-calib\visual-studio\magnetic-sensor-calib\visualgdb\debug\memoryleakwarningplugin.dep
c:\embd-magnetic-sensor-calib\visual-studio\magnetic-sensor-calib\visualgdb\debug\mve.dep
c:\embd-magnetic-sensor-calib\visual-studio\magnetic-sensor-calib\visualgdb\debug\profilerdriver_stm32_hal.dep
c:\embd-magnetic-sensor-calib\visual-studio\magnetic-sensor-calib\visualgdb\debug\profilerrtos_freertos.dep
c:\embd-magnetic-sensor-calib\visual-studio\magnetic-sensor-calib\visualgdb\debug\samplingprofiler.dep
c:\embd-magnetic-sensor-calib\visual-studio\magnetic-sensor-calib\visualgdb\debug\simplemutex.dep
c:\embd-magnetic-sensor-calib\visual-studio\magnetic-sensor-calib\visualgdb\debug\simplestring.dep
c:\embd-magnetic-sensor-calib\visual-studio\magnetic-sensor-calib\visualgdb\debug\startup_stm32f407xx.dep
c:\embd-magnetic-sensor-calib\visual-studio\magnetic-sensor-calib\visualgdb\debug\stm32f4xx_hal.dep
c:\embd-magnetic-sensor-calib\visual-studio\magnetic-sensor-calib\visualgdb\debug\stm32f4xx_hal_adc.dep
c:\embd-magnetic-sensor-calib\visual-studio\magnetic-sensor-calib\visualgdb\debug\stm32f4xx_hal_adc_ex.dep
c:\embd-magnetic-sensor-calib\visual-studio\magnetic-sensor-calib\visualgdb\debug\stm32f4xx_hal_can.dep
c:\embd-magnetic-sensor-calib\visual-studio\magnetic-sensor-calib\visualgdb\debug\stm32f4xx_hal_cec.dep
c:\embd-magnetic-sensor-calib\visual-studio\magnetic-sensor-calib\visualgdb\debug\stm32f4xx_hal_cortex.dep
c:\embd-magnetic-sensor-calib\visual-studio\magnetic-sensor-calib\visualgdb\debug\stm32f4xx_hal_crc.dep
c:\embd-magnetic-sensor-calib\visual-studio\magnetic-sensor-calib\visualgdb\debug\stm32f4xx_hal_cryp.dep
c:\embd-magnetic-sensor-calib\visual-studio\magnetic-sensor-calib\visualgdb\debug\stm32f4xx_hal_cryp_ex.dep
c:\embd-magnetic-sensor-calib\visual-studio\magnetic-sensor-calib\visualgdb\debug\stm32f4xx_hal_dac.dep
c:\embd-magnetic-sensor-calib\visual-studio\magnetic-sensor-calib\visualgdb\debug\stm32f4xx_hal_dac_ex.dep
c:\embd-magnetic-sensor-calib\visual-studio\magnetic-sensor-calib\visualgdb\debug\stm32f4xx_hal_dcmi.dep
c:\embd-magnetic-sensor-calib\visual-studio\magnetic-sensor-calib\visualgdb\debug\stm32f4xx_hal_dcmi_ex.dep
c:\embd-magnetic-sensor-calib\visual-studio\magnetic-sensor-calib\visualgdb\debug\stm32f4xx_hal_dfsdm.dep
c:\embd-magnetic-sensor-calib\visual-studio\magnetic-sensor-calib\visualgdb\debug\stm32f4xx_hal_dma.dep
c:\embd-magnetic-sensor-calib\visual-studio\magnetic-sensor-calib\visualgdb\debug\stm32f4xx_hal_dma2d.dep
c:\embd-magnetic-sensor-calib\visual-studio\magnetic-sensor-calib\visualgdb\debug\stm32f4xx_hal_dma_ex.dep
c:\embd-magnetic-sensor-calib\visual-studio\magnetic-sensor-calib\visualgdb\debug\stm32f4xx_hal_dsi.dep
c:\embd-magnetic-sensor-calib\visual-studio\magnetic-sensor-calib\visualgdb\debug\stm32f4xx_hal_eth.dep
c:\embd-magnetic-sensor-calib\visual-studio\magnetic-sensor-calib\visualgdb\debug\stm32f4xx_hal_flash.dep
c:\embd-magnetic-sensor-calib\visual-studio\magnetic-sensor-calib\visualgdb\debug\stm32f4xx_hal_flash_ex.dep
c:\embd-magnetic-sensor-calib\visual-studio\magnetic-sensor-calib\visualgdb\debug\stm32f4xx_hal_flash_ramfunc.dep
c:\embd-magnetic-sensor-calib\visual-studio\magnetic-sensor-calib\visualgdb\debug\stm32f4xx_hal_fmpi2c.dep
c:\embd-magnetic-sensor-calib\visual-studio\magnetic-sensor-calib\visualgdb\debug\stm32f4xx_hal_fmpi2c_ex.dep
c:\embd-magnetic-sensor-calib\visual-studio\magnetic-sensor-calib\visualgdb\debug\stm32f4xx_hal_gpio.dep
c:\embd-magnetic-sensor-calib\visual-studio\magnetic-sensor-calib\visualgdb\debug\stm32f4xx_hal_hash.dep
c:\embd-magnetic-sensor-calib\visual-studio\magnetic-sensor-calib\visualgdb\debug\stm32f4xx_hal_hash_ex.dep
c:\embd-magnetic-sensor-calib\visual-studio\magnetic-sensor-calib\visualgdb\debug\stm32f4xx_hal_hcd.dep
c:\embd-magnetic-sensor-calib\visual-studio\magnetic-sensor-calib\visualgdb\debug\stm32f4xx_hal_i2c.dep
c:\embd-magnetic-sensor-calib\visual-studio\magnetic-sensor-calib\visualgdb\debug\stm32f4xx_hal_i2c_ex.dep
c:\embd-magnetic-sensor-calib\visual-studio\magnetic-sensor-calib\visualgdb\debug\stm32f4xx_hal_i2s.dep
c:\embd-magnetic-sensor-calib\visual-studio\magnetic-sensor-calib\visualgdb\debug\stm32f4xx_hal_i2s_ex.dep
c:\embd-magnetic-sensor-calib\visual-studio\magnetic-sensor-calib\visualgdb\debug\stm32f4xx_hal_irda.dep
c:\embd-magnetic-sensor-calib\visual-studio\magnetic-sensor-calib\visualgdb\debug\stm32f4xx_hal_iwdg.dep
c:\embd-magnetic-sensor-calib\visual-studio\magnetic-sensor-calib\visualgdb\debug\stm32f4xx_hal_lptim.dep
c:\embd-magnetic-sensor-calib\visual-studio\magnetic-sensor-calib\visualgdb\debug\stm32f4xx_hal_ltdc.dep
c:\embd-magnetic-sensor-calib\visual-studio\magnetic-sensor-calib\visualgdb\debug\stm32f4xx_hal_ltdc_ex.dep
c:\embd-magnetic-sensor-calib\visual-studio\magnetic-sensor-calib\visualgdb\debug\stm32f4xx_hal_mmc.dep
c:\embd-magnetic-sensor-calib\visual-studio\magnetic-sensor-calib\visualgdb\debug\stm32f4xx_hal_nand.dep
c:\embd-magnetic-sensor-calib\visual-studio\magnetic-sensor-calib\visualgdb\debug\stm32f4xx_hal_nor.dep
c:\embd-magnetic-sensor-calib\visual-studio\magnetic-sensor-calib\visualgdb\debug\stm32f4xx_hal_pccard.dep
c:\embd-magnetic-sensor-calib\visual-studio\magnetic-sensor-calib\visualgdb\debug\stm32f4xx_hal_pcd.dep
c:\embd-magnetic-sensor-calib\visual-studio\magnetic-sensor-calib\visualgdb\debug\stm32f4xx_hal_pcd_ex.dep
c:\embd-magnetic-sensor-calib\visual-studio\magnetic-sensor-calib\visualgdb\debug\stm32f4xx_hal_pwr.dep
c:\embd-magnetic-sensor-calib\visual-studio\magnetic-sensor-calib\visualgdb\debug\stm32f4xx_hal_pwr_ex.dep
c:\embd-magnetic-sensor-calib\visual-studio\magnetic-sensor-calib\visualgdb\debug\stm32f4xx_hal_qspi.dep
c:\embd-magnetic-sensor-calib\visual-studio\magnetic-sensor-calib\visualgdb\debug\stm32f4xx_hal_rcc.dep
c:\embd-magnetic-sensor-calib\visual-studio\magnetic-sensor-calib\visualgdb\debug\stm32f4xx_hal_rcc_ex.dep
c:\embd-magnetic-sensor-calib\visual-studio\magnetic-sensor-calib\visualgdb\debug\stm32f4xx_hal_rng.dep
c:\embd-magnetic-sensor-calib\visual-studio\magnetic-sensor-calib\visualgdb\debug\stm32f4xx_hal_rtc.dep
c:\embd-magnetic-sensor-calib\visual-studio\magnetic-sensor-calib\visualgdb\debug\stm32f4xx_hal_rtc_ex.dep
c:\embd-magnetic-sensor-calib\visual-studio\magnetic-sensor-calib\visualgdb\debug\stm32f4xx_hal_sai.dep
c:\embd-magnetic-sensor-calib\visual-studio\magnetic-sensor-calib\visualgdb\debug\stm32f4xx_hal_sai_ex.dep
c:\embd-magnetic-sensor-calib\visual-studio\magnetic-sensor-calib\visualgdb\debug\stm32f4xx_hal_sd.dep
c:\embd-magnetic-sensor-calib\visual-studio\magnetic-sensor-calib\visualgdb\debug\stm32f4xx_hal_sdram.dep
c:\embd-magnetic-sensor-calib\visual-studio\magnetic-sensor-calib\visualgdb\debug\stm32f4xx_hal_smartcard.dep
c:\embd-magnetic-sensor-calib\visual-studio\magnetic-sensor-calib\visualgdb\debug\stm32f4xx_hal_spdifrx.dep
c:\embd-magnetic-sensor-calib\visual-studio\magnetic-sensor-calib\visualgdb\debug\stm32f4xx_hal_spi.dep
c:\embd-magnetic-sensor-calib\visual-studio\magnetic-sensor-calib\visualgdb\debug\stm32f4xx_hal_sram.dep
c:\embd-magnetic-sensor-calib\visual-studio\magnetic-sensor-calib\visualgdb\debug\stm32f4xx_hal_tim.dep
c:\embd-magnetic-sensor-calib\visual-studio\magnetic-sensor-calib\visualgdb\debug\stm32f4xx_hal_tim_ex.dep
c:\embd-magnetic-sensor-calib\visual-studio\magnetic-sensor-calib\visualgdb\debug\stm32f4xx_hal_uart.dep
c:\embd-magnetic-sensor-calib\visual-studio\magnetic-sensor-calib\visualgdb\debug\stm32f4xx_hal_usart.dep
c:\embd-magnetic-sensor-calib\visual-studio\magnetic-sensor-calib\visualgdb\debug\stm32f4xx_hal_wwdg.dep
c:\embd-magnetic-sensor-calib\visual-studio\magnetic-sensor-calib\visualgdb\debug\stm32f4xx_ll_adc.dep
c:\embd-magnetic-sensor-calib\visual-studio\magnetic-sensor-calib\visualgdb\debug\stm32f4xx_ll_crc.dep
c:\embd-magnetic-sensor-calib\visual-studio\magnetic-sensor-calib\visualgdb\debug\stm32f4xx_ll_dac.dep
c:\embd-magnetic-sensor-calib\visual-studio\magnetic-sensor-calib\visualgdb\debug\stm32f4xx_ll_dma.dep
c:\embd-magnetic-sensor-calib\visual-studio\magnetic-sensor-calib\visualgdb\debug\stm32f4xx_ll_dma2d.dep
c:\embd-magnetic-sensor-calib\visual-studio\magnetic-sensor-calib\visualgdb\debug\stm32f4xx_ll_exti.dep
c:\embd-magnetic-sensor-calib\visual-studio\magnetic-sensor-calib\visualgdb\debug\stm32f4xx_ll_fmc.dep
c:\embd-magnetic-sensor-calib\visual-studio\magnetic-sensor-calib\visualgdb\debug\stm32f4xx_ll_fsmc.dep
c:\embd-magnetic-sensor-calib\visual-studio\magnetic-sensor-calib\visualgdb\debug\stm32f4xx_ll_gpio.dep
c:\embd-magnetic-sensor-calib\visual-studio\magnetic-sensor-calib\visualgdb\debug\stm32f4xx_ll_i2c.dep
c:\embd-magnetic-sensor-calib\visual-studio\magnetic-sensor-calib\visualgdb\debug\stm32f4xx_ll_lptim.dep
c:\embd-magnetic-sensor-calib\visual-studio\magnetic-sensor-calib\visualgdb\debug\stm32f4xx_ll_pwr.dep
c:\embd-magnetic-sensor-calib\visual-studio\magnetic-sensor-calib\visualgdb\debug\stm32f4xx_ll_rcc.dep
c:\embd-magnetic-sensor-calib\visual-studio\magnetic-sensor-calib\visualgdb\debug\stm32f4xx_ll_rng.dep
c:\embd-magnetic-sensor-calib\visual-studio\magnetic-sensor-calib\visualgdb\debug\stm32f4xx_ll_rtc.dep
c:\embd-magnetic-sensor-calib\visual-studio\magnetic-sensor-calib\visualgdb\debug\stm32f4xx_ll_sdmmc.dep
c:\embd-magnetic-sensor-calib\visual-studio\magnetic-sensor-calib\visualgdb\debug\stm32f4xx_ll_spi.dep
c:\embd-magnetic-sensor-calib\visual-studio\magnetic-sensor-calib\visualgdb\debug\stm32f4xx_ll_tim.dep
c:\embd-magnetic-sensor-calib\visual-studio\magnetic-sensor-calib\visualgdb\debug\stm32f4xx_ll_usart.dep
c:\embd-magnetic-sensor-calib\visual-studio\magnetic-sensor-calib\visualgdb\debug\stm32f4xx_ll_usb.dep
c:\embd-magnetic-sensor-calib\visual-studio\magnetic-sensor-calib\visualgdb\debug\stm32f4xx_ll_utils.dep
c:\embd-magnetic-sensor-calib\visual-studio\magnetic-sensor-calib\visualgdb\debug\sysprogstesthooks.dep
c:\embd-magnetic-sensor-calib\visual-studio\magnetic-sensor-calib\visualgdb\debug\system_stm32f4xx.dep
c:\embd-magnetic-sensor-calib\visual-studio\magnetic-sensor-calib\visualgdb\debug\teamcitytestoutput.dep
c:\embd-magnetic-sensor-calib\visual-studio\magnetic-sensor-calib\visualgdb\debug\test.dep
c:\embd-magnetic-sensor-calib\visual-studio\magnetic-sensor-calib\visualgdb\debug\testfailure.dep
c:\embd-magnetic-sensor-calib\visual-studio\magnetic-sensor-calib\visualgdb\debug\testfilter.dep
c:\embd-magnetic-sensor-calib\visual-studio\magnetic-sensor-calib\visualgdb\debug\testharness_c.dep
c:\embd-magnetic-sensor-calib\visual-studio\magnetic-sensor-calib\visualgdb\debug\testmemoryallocator.dep
c:\embd-magnetic-sensor-calib\visual-studio\magnetic-sensor-calib\visualgdb\debug\testoutput.dep
c:\embd-magnetic-sensor-calib\visual-studio\magnetic-sensor-calib\visualgdb\debug\testplugin.dep
c:\embd-magnetic-sensor-calib\visual-studio\magnetic-sensor-calib\visualgdb\debug\testregistry.dep
c:\embd-magnetic-sensor-calib\visual-studio\magnetic-sensor-calib\visualgdb\debug\testresult.dep
c:\embd-magnetic-sensor-calib\visual-studio\magnetic-sensor-calib\visualgdb\debug\testtestingfixture.dep
c:\embd-magnetic-sensor-calib\visual-studio\magnetic-sensor-calib\visualgdb\debug\twostep.dep
c:\embd-magnetic-sensor-calib\visual-studio\magnetic-sensor-calib\visualgdb\debug\utest.dep
c:\embd-magnetic-sensor-calib\visual-studio\magnetic-sensor-calib\visualgdb\debug\utestplatformembedded.dep
c:\embd-magnetic-sensor-calib\visual-studio\magnetic-sensor-calib\visualgdb\debug\cmsis_os.gcc.rsp
c:\embd-magnetic-sensor-calib\visual-studio\magnetic-sensor-calib\visualgdb\debug\commandlinearguments.gcc.rsp
c:\embd-magnetic-sensor-calib\visual-studio\magnetic-sensor-calib\visualgdb\debug\commandlinetestrunner.gcc.rsp
c:\embd-magnetic-sensor-calib\visual-studio\magnetic-sensor-calib\visualgdb\debug\croutine.gcc.rsp
c:\embd-magnetic-sensor-calib\visual-studio\magnetic-sensor-calib\visualgdb\debug\event_groups.gcc.rsp
c:\embd-magnetic-sensor-calib\visual-studio\magnetic-sensor-calib\visualgdb\debug\fastsemihosting.gcc.rsp
c:\embd-magnetic-sensor-calib\visual-studio\magnetic-sensor-calib\visualgdb\debug\heap_4.gcc.rsp
c:\embd-magnetic-sensor-calib\visual-studio\magnetic-sensor-calib\visualgdb\debug\instrumentingprofiler.gcc.rsp
c:\embd-magnetic-sensor-calib\visual-studio\magnetic-sensor-calib\visualgdb\debug\junittestoutput.gcc.rsp
c:\embd-magnetic-sensor-calib\visual-studio\magnetic-sensor-calib\visualgdb\debug\list.gcc.rsp
c:\embd-magnetic-sensor-calib\visual-studio\magnetic-sensor-calib\visualgdb\debug\magdata.gcc.rsp
c:\embd-magnetic-sensor-calib\visual-studio\magnetic-sensor-calib\visualgdb\debug\main.gcc.rsp
c:\embd-magnetic-sensor-calib\visual-studio\magnetic-sensor-calib\visualgdb\debug\matrix.gcc.rsp
c:\embd-magnetic-sensor-calib\visual-studio\magnetic-sensor-calib\visualgdb\debug\memoryleakdetector.gcc.rsp
c:\embd-magnetic-sensor-calib\visual-studio\magnetic-sensor-calib\visualgdb\debug\memoryleakwarningplugin.gcc.rsp
c:\embd-magnetic-sensor-calib\visual-studio\magnetic-sensor-calib\visualgdb\debug\mve.gcc.rsp
c:\embd-magnetic-sensor-calib\visual-studio\magnetic-sensor-calib\visualgdb\debug\port.gcc.rsp
c:\embd-magnetic-sensor-calib\visual-studio\magnetic-sensor-calib\visualgdb\debug\profilerdriver_stm32_hal.gcc.rsp
c:\embd-magnetic-sensor-calib\visual-studio\magnetic-sensor-calib\visualgdb\debug\profilerrtos_freertos.gcc.rsp
c:\embd-magnetic-sensor-calib\visual-studio\magnetic-sensor-calib\visualgdb\debug\queue.gcc.rsp
c:\embd-magnetic-sensor-calib\visual-studio\magnetic-sensor-calib\visualgdb\debug\samplingprofiler.gcc.rsp
c:\embd-magnetic-sensor-calib\visual-studio\magnetic-sensor-calib\visualgdb\debug\simplemutex.gcc.rsp
c:\embd-magnetic-sensor-calib\visual-studio\magnetic-sensor-calib\visualgdb\debug\simplestring.gcc.rsp
c:\embd-magnetic-sensor-calib\visual-studio\magnetic-sensor-calib\visualgdb\debug\startup_stm32f407xx.gcc.rsp
c:\embd-magnetic-sensor-calib\visual-studio\magnetic-sensor-calib\visualgdb\debug\stm32f4xx_hal.gcc.rsp
c:\embd-magnetic-sensor-calib\visual-studio\magnetic-sensor-calib\visualgdb\debug\stm32f4xx_hal_adc.gcc.rsp
c:\embd-magnetic-sensor-calib\visual-studio\magnetic-sensor-calib\visualgdb\debug\stm32f4xx_hal_adc_ex.gcc.rsp
c:\embd-magnetic-sensor-calib\visual-studio\magnetic-sensor-calib\visualgdb\debug\stm32f4xx_hal_can.gcc.rsp
c:\embd-magnetic-sensor-calib\visual-studio\magnetic-sensor-calib\visualgdb\debug\stm32f4xx_hal_cec.gcc.rsp
c:\embd-magnetic-sensor-calib\visual-studio\magnetic-sensor-calib\visualgdb\debug\stm32f4xx_hal_cortex.gcc.rsp
c:\embd-magnetic-sensor-calib\visual-studio\magnetic-sensor-calib\visualgdb\debug\stm32f4xx_hal_crc.gcc.rsp
c:\embd-magnetic-sensor-calib\visual-studio\magnetic-sensor-calib\visualgdb\debug\stm32f4xx_hal_cryp.gcc.rsp
c:\embd-magnetic-sensor-calib\visual-studio\magnetic-sensor-calib\visualgdb\debug\stm32f4xx_hal_cryp_ex.gcc.rsp
c:\embd-magnetic-sensor-calib\visual-studio\magnetic-sensor-calib\visualgdb\debug\stm32f4xx_hal_dac.gcc.rsp
c:\embd-magnetic-sensor-calib\visual-studio\magnetic-sensor-calib\visualgdb\debug\stm32f4xx_hal_dac_ex.gcc.rsp
c:\embd-magnetic-sensor-calib\visual-studio\magnetic-sensor-calib\visualgdb\debug\stm32f4xx_hal_dcmi.gcc.rsp
c:\embd-magnetic-sensor-calib\visual-studio\magnetic-sensor-calib\visualgdb\debug\stm32f4xx_hal_dcmi_ex.gcc.rsp
c:\embd-magnetic-sensor-calib\visual-studio\magnetic-sensor-calib\visualgdb\debug\stm32f4xx_hal_dfsdm.gcc.rsp
c:\embd-magnetic-sensor-calib\visual-studio\magnetic-sensor-calib\visualgdb\debug\stm32f4xx_hal_dma.gcc.rsp
c:\embd-magnetic-sensor-calib\visual-studio\magnetic-sensor-calib\visualgdb\debug\stm32f4xx_hal_dma2d.gcc.rsp
c:\embd-magnetic-sensor-calib\visual-studio\magnetic-sensor-calib\visualgdb\debug\stm32f4xx_hal_dma_ex.gcc.rsp
c:\embd-magnetic-sensor-calib\visual-studio\magnetic-sensor-calib\visualgdb\debug\stm32f4xx_hal_dsi.gcc.rsp
c:\embd-magnetic-sensor-calib\visual-studio\magnetic-sensor-calib\visualgdb\debug\stm32f4xx_hal_eth.gcc.rsp
c:\embd-magnetic-sensor-calib\visual-studio\magnetic-sensor-calib\visualgdb\debug\stm32f4xx_hal_flash.gcc.rsp
c:\embd-magnetic-sensor-calib\visual-studio\magnetic-sensor-calib\visualgdb\debug\stm32f4xx_hal_flash_ex.gcc.rsp
c:\embd-magnetic-sensor-calib\visual-studio\magnetic-sensor-calib\visualgdb\debug\stm32f4xx_hal_flash_ramfunc.gcc.rsp
c:\embd-magnetic-sensor-calib\visual-studio\magnetic-sensor-calib\visualgdb\debug\stm32f4xx_hal_fmpi2c.gcc.rsp
c:\embd-magnetic-sensor-calib\visual-studio\magnetic-sensor-calib\visualgdb\debug\stm32f4xx_hal_fmpi2c_ex.gcc.rsp
c:\embd-magnetic-sensor-calib\visual-studio\magnetic-sensor-calib\visualgdb\debug\stm32f4xx_hal_gpio.gcc.rsp
c:\embd-magnetic-sensor-calib\visual-studio\magnetic-sensor-calib\visualgdb\debug\stm32f4xx_hal_hash.gcc.rsp
c:\embd-magnetic-sensor-calib\visual-studio\magnetic-sensor-calib\visualgdb\debug\stm32f4xx_hal_hash_ex.gcc.rsp
c:\embd-magnetic-sensor-calib\visual-studio\magnetic-sensor-calib\visualgdb\debug\stm32f4xx_hal_hcd.gcc.rsp
c:\embd-magnetic-sensor-calib\visual-studio\magnetic-sensor-calib\visualgdb\debug\stm32f4xx_hal_i2c.gcc.rsp
c:\embd-magnetic-sensor-calib\visual-studio\magnetic-sensor-calib\visualgdb\debug\stm32f4xx_hal_i2c_ex.gcc.rsp
c:\embd-magnetic-sensor-calib\visual-studio\magnetic-sensor-calib\visualgdb\debug\stm32f4xx_hal_i2s.gcc.rsp
c:\embd-magnetic-sensor-calib\visual-studio\magnetic-sensor-calib\visualgdb\debug\stm32f4xx_hal_i2s_ex.gcc.rsp
c:\embd-magnetic-sensor-calib\visual-studio\magnetic-sensor-calib\visualgdb\debug\stm32f4xx_hal_irda.gcc.rsp
c:\embd-magnetic-sensor-calib\visual-studio\magnetic-sensor-calib\visualgdb\debug\stm32f4xx_hal_iwdg.gcc.rsp
c:\embd-magnetic-sensor-calib\visual-studio\magnetic-sensor-calib\visualgdb\debug\stm32f4xx_hal_lptim.gcc.rsp
c:\embd-magnetic-sensor-calib\visual-studio\magnetic-sensor-calib\visualgdb\debug\stm32f4xx_hal_ltdc.gcc.rsp
c:\embd-magnetic-sensor-calib\visual-studio\magnetic-sensor-calib\visualgdb\debug\stm32f4xx_hal_ltdc_ex.gcc.rsp
c:\embd-magnetic-sensor-calib\visual-studio\magnetic-sensor-calib\visualgdb\debug\stm32f4xx_hal_mmc.gcc.rsp
c:\embd-magnetic-sensor-calib\visual-studio\magnetic-sensor-calib\visualgdb\debug\stm32f4xx_hal_nand.gcc.rsp
c:\embd-magnetic-sensor-calib\visual-studio\magnetic-sensor-calib\visualgdb\debug\stm32f4xx_hal_nor.gcc.rsp
c:\embd-magnetic-sensor-calib\visual-studio\magnetic-sensor-calib\visualgdb\debug\stm32f4xx_hal_pccard.gcc.rsp
c:\embd-magnetic-sensor-calib\visual-studio\magnetic-sensor-calib\visualgdb\debug\stm32f4xx_hal_pcd.gcc.rsp
c:\embd-magnetic-sensor-calib\visual-studio\magnetic-sensor-calib\visualgdb\debug\stm32f4xx_hal_pcd_ex.gcc.rsp
c:\embd-magnetic-sensor-calib\visual-studio\magnetic-sensor-calib\visualgdb\debug\stm32f4xx_hal_pwr.gcc.rsp
c:\embd-magnetic-sensor-calib\visual-studio\magnetic-sensor-calib\visualgdb\debug\stm32f4xx_hal_pwr_ex.gcc.rsp
c:\embd-magnetic-sensor-calib\visual-studio\magnetic-sensor-calib\visualgdb\debug\stm32f4xx_hal_qspi.gcc.rsp
c:\embd-magnetic-sensor-calib\visual-studio\magnetic-sensor-calib\visualgdb\debug\stm32f4xx_hal_rcc.gcc.rsp
c:\embd-magnetic-sensor-calib\visual-studio\magnetic-sensor-calib\visualgdb\debug\stm32f4xx_hal_rcc_ex.gcc.rsp
c:\embd-magnetic-sensor-calib\visual-studio\magnetic-sensor-calib\visualgdb\debug\stm32f4xx_hal_rng.gcc.rsp
c:\embd-magnetic-sensor-calib\visual-studio\magnetic-sensor-calib\visualgdb\debug\stm32f4xx_hal_rtc.gcc.rsp
c:\embd-magnetic-sensor-calib\visual-studio\magnetic-sensor-calib\visualgdb\debug\stm32f4xx_hal_rtc_ex.gcc.rsp
c:\embd-magnetic-sensor-calib\visual-studio\magnetic-sensor-calib\visualgdb\debug\stm32f4xx_hal_sai.gcc.rsp
c:\embd-magnetic-sensor-calib\visual-studio\magnetic-sensor-calib\visualgdb\debug\stm32f4xx_hal_sai_ex.gcc.rsp
c:\embd-magnetic-sensor-calib\visual-studio\magnetic-sensor-calib\visualgdb\debug\stm32f4xx_hal_sd.gcc.rsp
c:\embd-magnetic-sensor-calib\visual-studio\magnetic-sensor-calib\visualgdb\debug\stm32f4xx_hal_sdram.gcc.rsp
c:\embd-magnetic-sensor-calib\visual-studio\magnetic-sensor-calib\visualgdb\debug\stm32f4xx_hal_smartcard.gcc.rsp
c:\embd-magnetic-sensor-calib\visual-studio\magnetic-sensor-calib\visualgdb\debug\stm32f4xx_hal_spdifrx.gcc.rsp
c:\embd-magnetic-sensor-calib\visual-studio\magnetic-sensor-calib\visualgdb\debug\stm32f4xx_hal_spi.gcc.rsp
c:\embd-magnetic-sensor-calib\visual-studio\magnetic-sensor-calib\visualgdb\debug\stm32f4xx_hal_sram.gcc.rsp
c:\embd-magnetic-sensor-calib\visual-studio\magnetic-sensor-calib\visualgdb\debug\stm32f4xx_hal_tim.gcc.rsp
c:\embd-magnetic-sensor-calib\visual-studio\magnetic-sensor-calib\visualgdb\debug\stm32f4xx_hal_tim_ex.gcc.rsp
c:\embd-magnetic-sensor-calib\visual-studio\magnetic-sensor-calib\visualgdb\debug\stm32f4xx_hal_uart.gcc.rsp
c:\embd-magnetic-sensor-calib\visual-studio\magnetic-sensor-calib\visualgdb\debug\stm32f4xx_hal_usart.gcc.rsp
c:\embd-magnetic-sensor-calib\visual-studio\magnetic-sensor-calib\visualgdb\debug\stm32f4xx_hal_wwdg.gcc.rsp
c:\embd-magnetic-sensor-calib\visual-studio\magnetic-sensor-calib\visualgdb\debug\stm32f4xx_ll_adc.gcc.rsp
c:\embd-magnetic-sensor-calib\visual-studio\magnetic-sensor-calib\visualgdb\debug\stm32f4xx_ll_crc.gcc.rsp
c:\embd-magnetic-sensor-calib\visual-studio\magnetic-sensor-calib\visualgdb\debug\stm32f4xx_ll_dac.gcc.rsp
c:\embd-magnetic-sensor-calib\visual-studio\magnetic-sensor-calib\visualgdb\debug\stm32f4xx_ll_dma.gcc.rsp
c:\embd-magnetic-sensor-calib\visual-studio\magnetic-sensor-calib\visualgdb\debug\stm32f4xx_ll_dma2d.gcc.rsp
c:\embd-magnetic-sensor-calib\visual-studio\magnetic-sensor-calib\visualgdb\debug\stm32f4xx_ll_exti.gcc.rsp
c:\embd-magnetic-sensor-calib\visual-studio\magnetic-sensor-calib\visualgdb\debug\stm32f4xx_ll_fmc.gcc.rsp
c:\embd-magnetic-sensor-calib\visual-studio\magnetic-sensor-calib\visualgdb\debug\stm32f4xx_ll_fsmc.gcc.rsp
c:\embd-magnetic-sensor-calib\visual-studio\magnetic-sensor-calib\visualgdb\debug\stm32f4xx_ll_gpio.gcc.rsp
c:\embd-magnetic-sensor-calib\visual-studio\magnetic-sensor-calib\visualgdb\debug\stm32f4xx_ll_i2c.gcc.rsp
c:\embd-magnetic-sensor-calib\visual-studio\magnetic-sensor-calib\visualgdb\debug\stm32f4xx_ll_lptim.gcc.rsp
c:\embd-magnetic-sensor-calib\visual-studio\magnetic-sensor-calib\visualgdb\debug\stm32f4xx_ll_pwr.gcc.rsp
c:\embd-magnetic-sensor-calib\visual-studio\magnetic-sensor-calib\visualgdb\debug\stm32f4xx_ll_rcc.gcc.rsp
c:\embd-magnetic-sensor-calib\visual-studio\magnetic-sensor-calib\visualgdb\debug\stm32f4xx_ll_rng.gcc.rsp
c:\embd-magnetic-sensor-calib\visual-studio\magnetic-sensor-calib\visualgdb\debug\stm32f4xx_ll_rtc.gcc.rsp
c:\embd-magnetic-sensor-calib\visual-studio\magnetic-sensor-calib\visualgdb\debug\stm32f4xx_ll_sdmmc.gcc.rsp
c:\embd-magnetic-sensor-calib\visual-studio\magnetic-sensor-calib\visualgdb\debug\stm32f4xx_ll_spi.gcc.rsp
c:\embd-magnetic-sensor-calib\visual-studio\magnetic-sensor-calib\visualgdb\debug\stm32f4xx_ll_tim.gcc.rsp
c:\embd-magnetic-sensor-calib\visual-studio\magnetic-sensor-calib\visualgdb\debug\stm32f4xx_ll_usart.gcc.rsp
c:\embd-magnetic-sensor-calib\visual-studio\magnetic-sensor-calib\visualgdb\debug\stm32f4xx_ll_usb.gcc.rsp
c:\embd-magnetic-sensor-calib\visual-studio\magnetic-sensor-calib\visualgdb\debug\stm32f4xx_ll_utils.gcc.rsp
c:\embd-magnetic-sensor-calib\visual-studio\magnetic-sensor-calib\visualgdb\debug\stream_buffer.gcc.rsp
c:\embd-magnetic-sensor-calib\visual-studio\magnetic-sensor-calib\visualgdb\debug\sysprogstesthooks.gcc.rsp
c:\embd-magnetic-sensor-calib\visual-studio\magnetic-sensor-calib\visualgdb\debug\system_stm32f4xx.gcc.rsp
c:\embd-magnetic-sensor-calib\visual-studio\magnetic-sensor-calib\visualgdb\debug\tasks.gcc.rsp
c:\embd-magnetic-sensor-calib\visual-studio\magnetic-sensor-calib\visualgdb\debug\teamcitytestoutput.gcc.rsp
c:\embd-magnetic-sensor-calib\visual-studio\magnetic-sensor-calib\visualgdb\debug\test.gcc.rsp
c:\embd-magnetic-sensor-calib\visual-studio\magnetic-sensor-calib\visualgdb\debug\testfailure.gcc.rsp
c:\embd-magnetic-sensor-calib\visual-studio\magnetic-sensor-calib\visualgdb\debug\testfilter.gcc.rsp
c:\embd-magnetic-sensor-calib\visual-studio\magnetic-sensor-calib\visualgdb\debug\testharness_c.gcc.rsp
c:\embd-magnetic-sensor-calib\visual-studio\magnetic-sensor-calib\visualgdb\debug\testmemoryallocator.gcc.rsp
c:\embd-magnetic-sensor-calib\visual-studio\magnetic-sensor-calib\visualgdb\debug\testoutput.gcc.rsp
c:\embd-magnetic-sensor-calib\visual-studio\magnetic-sensor-calib\visualgdb\debug\testplugin.gcc.rsp
c:\embd-magnetic-sensor-calib\visual-studio\magnetic-sensor-calib\visualgdb\debug\testregistry.gcc.rsp
c:\embd-magnetic-sensor-calib\visual-studio\magnetic-sensor-calib\visualgdb\debug\testresult.gcc.rsp
c:\embd-magnetic-sensor-calib\visual-studio\magnetic-sensor-calib\visualgdb\debug\testtestingfixture.gcc.rsp
c:\embd-magnetic-sensor-calib\visual-studio\magnetic-sensor-calib\visualgdb\debug\timers.gcc.rsp
c:\embd-magnetic-sensor-calib\visual-studio\magnetic-sensor-calib\visualgdb\debug\twostep.gcc.rsp
c:\embd-magnetic-sensor-calib\visual-studio\magnetic-sensor-calib\visualgdb\debug\utest.gcc.rsp
c:\embd-magnetic-sensor-calib\visual-studio\magnetic-sensor-calib\visualgdb\debug\utestplatformembedded.gcc.rsp
c:\embd-magnetic-sensor-calib\visual-studio\magnetic-sensor-calib\visualgdb\debug\magnetic-sensor-calib.alldeps
